  Moc'ing ComAudio.h...
  Moc'ing TabFileTx.h...
  Moc'ing TabAudioStream.h...
  Moc'ing TabAudioChat.h...
  Moc'ing TabMulticast.h...
  Moc'ing Task.h...
  Moc'ing TaskManager.h...
  Moc'ing TcpServer.h...
  Rcc'ing ComAudio.qrc...
  Uic'ing ComAudio.ui...
  Uic'ing TabAudioChat.ui...
  Uic'ing TabAudioStream.ui...
  RCC: Warning: No resources in 'C:\Users\cosmo\Documents\Workspace\Visual Studio 2017\source\repos\comp4985\CommAudio\ComAudio\ComAudio.qrc'.
  Uic'ing TabFileTx.ui...
  Uic'ing TabMulticast.ui...
  ComAudio.cpp
  main.cpp
  TabAudioChat.cpp
  TabAudioStream.cpp
  TabFileTx.cpp
c:\users\cosmo\documents\workspace\visual studio 2017\source\repos\comp4985\commaudio\comaudio\TCPTask.h(27): warning C4091: 'typedef ': ignored on left of 'metadata' when no variable is declared (compiling source file main.cpp)
  TabMulticast.cpp
  TcpServer.cpp
  TCPTask.cpp
  qrc_ComAudio.cpp
c:\users\cosmo\documents\workspace\visual studio 2017\source\repos\comp4985\commaudio\comaudio\TCPTask.h(27): warning C4091: 'typedef ': ignored on left of 'metadata' when no variable is declared (compiling source file TCPTask.cpp)
c:\users\cosmo\documents\workspace\visual studio 2017\source\repos\comp4985\commaudio\comaudio\tcptask.cpp(66): warning C4715: 'TCPTask::requestFile': not all control paths return a value
c:\users\cosmo\documents\workspace\visual studio 2017\source\repos\comp4985\commaudio\comaudio\tcptask.cpp(128): warning C4715: 'TCPTask::receive': not all control paths return a value
  moc_ComAudio.cpp
  moc_TabFileTx.cpp
  moc_TabAudioStream.cpp
  moc_TabAudioChat.cpp
  moc_TabMulticast.cpp
  moc_Task.cpp
  moc_TaskManager.cpp
  moc_TcpServer.cpp
  ComAudio.vcxproj -> C:\Users\cosmo\Documents\Workspace\Visual Studio 2017\source\repos\comp4985\CommAudio\x64\Debug\ComAudio.exe
